<?xml version="1.0" encoding="UTF-8"?>
<!-- Generated by org.testng.reporters.JUnitXMLReporter -->
<testsuite ignored="0" hostname="DESKTOP-DOISAGO" failures="0" tests="7" name="polarin_test" time="30.895" errors="0" timestamp="2025-10-27T20:35:23 IST">
  <testcase classname="AUTOMATION.TESTING.testCases.PolarinLoginTestCases" name="TC_01_Verify_that_the_User_is_not_able_to_log_in_with_a_blank_Username_or_Password" time="0.504"/>
  <testcase classname="AUTOMATION.TESTING.testCases.PolarinLoginTestCases" name="TC_02_Verify_that_the_User_is_not_able_to_Login_with_an_invalid_Username_and_invalid_Password" time="3.22"/>
  <testcase classname="AUTOMATION.TESTING.testCases.PolarinLoginTestCases" name="TC4_Verify_forgot_password_link_and_landing_page_correct" time="2.341"/>
  <testcase classname="AUTOMATION.TESTING.testCases.PolarinLoginTestCases" name="TC_07_Verify_that_the_user_should_be_redirected_to_the_sign_up_page_after_clicking_the_sign_up_link" time="2.308"/>
  <testcase classname="AUTOMATION.TESTING.testCases.PolarinLoginTestCases" name="TC_08_Verify_if_a_user_can_not_login_with_a_invalid_username_and_valid_password" time="7.112"/>
  <testcase classname="AUTOMATION.TESTING.testCases.PolarinLoginTestCases" name="TC_09_Verify_if_a_user_can_not_login_with_a_valid_username_and_an_invalid_password" time="5.119"/>
  <testcase classname="AUTOMATION.TESTING.testCases.PolarinLoginTestCases" name="TC_10_Verify_that_the_User_is_able_to_Login_with_Valid_Username_and_Password" time="6.871"/>
</testsuite> <!-- polarin_test -->
